<testsuites id="" name="" tests="124" failures="0" skipped="0" errors="0" time="250.95488500000002">
<testsuite name="tests/visual/ondo-b-production-visual-mobile.spec.ts" timestamp="2026-08-24T11:41:33.097Z" hostname="production-mobile-chromium" tests="20" failures="0" skipped="0" time="38.993" errors="0">
<testcase name="ONDO B current production visual evidence · mobile › PR-PX-FIRST-RUN-EN · English first-run directory value and language choice" classname="tests/visual/ondo-b-production-visual-mobile.spec.ts" time="1.375">
</testcase>
<testcase name="ONDO B current production visual evidence · mobile › PR-PX-FIRST-RUN-KO · Korean first-run directory value and language choice" classname="tests/visual/ondo-b-production-visual-mobile.spec.ts" time="1.18">
</testcase>
<testcase name="ONDO B current production visual evidence · mobile › PR-PX-NATION-EN · Official directory overview before a city is selected" classname="tests/visual/ondo-b-production-visual-mobile.spec.ts" time="1.068">
</testcase>
<testcase name="ONDO B current production visual evidence · mobile › PR-PX-CITY-MAP-EN · English city map with canonical place markers" classname="tests/visual/ondo-b-production-visual-mobile.spec.ts" time="3.787">
</testcase>
<testcase name="ONDO B current production visual evidence · mobile › PR-PX-CITY-MAP-KO · Korean city map with canonical place markers" classname="tests/visual/ondo-b-production-visual-mobile.spec.ts" time="3.669">
</testcase>
<testcase name="ONDO B current production visual evidence · mobile › PR-PX-CITY-LIST-EN · Sourced place list for the selected city" classname="tests/visual/ondo-b-production-visual-mobile.spec.ts" time="1.613">
</testcase>
<testcase name="ONDO B current production visual evidence · mobile › PR-PX-SEARCH-EN · Directory search with matching canonical records" classname="tests/visual/ondo-b-production-visual-mobile.spec.ts" time="1.429">
</testcase>
<testcase name="ONDO B current production visual evidence · mobile › PR-PX-SEARCH-EMPTY-KO · Korean no-results recovery without invented places" classname="tests/visual/ondo-b-production-visual-mobile.spec.ts" time="1.451">
</testcase>
<testcase name="ONDO B current production visual evidence · mobile › PR-PX-PLACE-PEEK-EN · Selected canonical place summary" classname="tests/visual/ondo-b-production-visual-mobile.spec.ts" time="1.462">
</testcase>
<testcase name="ONDO B current production visual evidence · mobile › PR-PX-PLACE-DETAIL-KO · Korean sourced place facts and action boundary" classname="tests/visual/ondo-b-production-visual-mobile.spec.ts" time="1.858">
</testcase>
<testcase name="ONDO B current production visual evidence · mobile › PR-PX-HISTORY-RETURN-EN · Exact directory context restored after Back" classname="tests/visual/ondo-b-production-visual-mobile.spec.ts" time="1.576">
</testcase>
<testcase name="ONDO B current production visual evidence · mobile › PR-PX-DIRECTIONS-EN · Directions handoff using canonical coordinates" classname="tests/visual/ondo-b-production-visual-mobile.spec.ts" time="1.643">
</testcase>
<testcase name="ONDO B current production visual evidence · mobile › PR-PX-LOCATION-READY-KO · Browser-granted location represented without tracking claims" classname="tests/visual/ondo-b-production-visual-mobile.spec.ts" time="5.167">
</testcase>
<testcase name="ONDO B current production visual evidence · mobile › PR-PX-LOCATION-DENIED-EN · Real permission denial with continued directory access" classname="tests/visual/ondo-b-production-visual-mobile.spec.ts" time="4.138">
</testcase>
<testcase name="ONDO B current production visual evidence · mobile › PR-PX-OFFLINE-FALLBACK-KO · Complete sourced list when map delivery is unavailable" classname="tests/visual/ondo-b-production-visual-mobile.spec.ts" time="1.759">
</testcase>
<testcase name="ONDO B current production visual evidence · mobile › PR-PX-SAVED-EMPTY-EN · Device-local Saved empty state" classname="tests/visual/ondo-b-production-visual-mobile.spec.ts" time="1.111">
</testcase>
<testcase name="ONDO B current production visual evidence · mobile › PR-PX-SAVED-PLACE-KO · Korean device-local saved canonical place" classname="tests/visual/ondo-b-production-visual-mobile.spec.ts" time="1.193">
</testcase>
<testcase name="ONDO B current production visual evidence · mobile › PR-PX-PRIVATE-NOTE-EN · Optional private note with explicit device boundary" classname="tests/visual/ondo-b-production-visual-mobile.spec.ts" time="1.151">
</testcase>
<testcase name="ONDO B current production visual evidence · mobile › PR-PX-SETTINGS-EN · Actual language and device-data settings" classname="tests/visual/ondo-b-production-visual-mobile.spec.ts" time="1.199">
</testcase>
<testcase name="ONDO B current production visual evidence · mobile › PR-PX-RESET-CONFIRM-KO · Korean destructive reset confirmation" classname="tests/visual/ondo-b-production-visual-mobile.spec.ts" time="1.164">
</testcase>
</testsuite>
<testsuite name="tests/visual/ondo-b-production-visual-desktop.spec.ts" timestamp="2026-08-24T11:41:33.097Z" hostname="production-desktop-chromium" tests="20" failures="0" skipped="0" time="36.849" errors="0">
<testcase name="ONDO B current production visual evidence · desktop › PR-PX-FIRST-RUN-EN · English first-run directory value and language choice" classname="tests/visual/ondo-b-production-visual-desktop.spec.ts" time="1.287">
</testcase>
<testcase name="ONDO B current production visual evidence · desktop › PR-PX-FIRST-RUN-KO · Korean first-run directory value and language choice" classname="tests/visual/ondo-b-production-visual-desktop.spec.ts" time="1.176">
</testcase>
<testcase name="ONDO B current production visual evidence · desktop › PR-PX-NATION-EN · Official directory overview before a city is selected" classname="tests/visual/ondo-b-production-visual-desktop.spec.ts" time="1.09">
</testcase>
<testcase name="ONDO B current production visual evidence · desktop › PR-PX-CITY-MAP-EN · English city map with canonical place markers" classname="tests/visual/ondo-b-production-visual-desktop.spec.ts" time="3.868">
</testcase>
<testcase name="ONDO B current production visual evidence · desktop › PR-PX-CITY-MAP-KO · Korean city map with canonical place markers" classname="tests/visual/ondo-b-production-visual-desktop.spec.ts" time="3.577">
</testcase>
<testcase name="ONDO B current production visual evidence · desktop › PR-PX-CITY-LIST-EN · Sourced place list for the selected city" classname="tests/visual/ondo-b-production-visual-desktop.spec.ts" time="1.445">
</testcase>
<testcase name="ONDO B current production visual evidence · desktop › PR-PX-SEARCH-EN · Directory search with matching canonical records" classname="tests/visual/ondo-b-production-visual-desktop.spec.ts" time="1.338">
</testcase>
<testcase name="ONDO B current production visual evidence · desktop › PR-PX-SEARCH-EMPTY-KO · Korean no-results recovery without invented places" classname="tests/visual/ondo-b-production-visual-desktop.spec.ts" time="1.413">
</testcase>
<testcase name="ONDO B current production visual evidence · desktop › PR-PX-PLACE-PEEK-EN · Selected canonical place summary" classname="tests/visual/ondo-b-production-visual-desktop.spec.ts" time="1.383">
</testcase>
<testcase name="ONDO B current production visual evidence · desktop › PR-PX-PLACE-DETAIL-KO · Korean sourced place facts and action boundary" classname="tests/visual/ondo-b-production-visual-desktop.spec.ts" time="1.579">
</testcase>
<testcase name="ONDO B current production visual evidence · desktop › PR-PX-HISTORY-RETURN-EN · Exact directory context restored after Back" classname="tests/visual/ondo-b-production-visual-desktop.spec.ts" time="1.572">
</testcase>
<testcase name="ONDO B current production visual evidence · desktop › PR-PX-DIRECTIONS-EN · Directions handoff using canonical coordinates" classname="tests/visual/ondo-b-production-visual-desktop.spec.ts" time="1.341">
</testcase>
<testcase name="ONDO B current production visual evidence · desktop › PR-PX-LOCATION-READY-KO · Browser-granted location represented without tracking claims" classname="tests/visual/ondo-b-production-visual-desktop.spec.ts" time="4.914">
</testcase>
<testcase name="ONDO B current production visual evidence · desktop › PR-PX-LOCATION-DENIED-EN · Real permission denial with continued directory access" classname="tests/visual/ondo-b-production-visual-desktop.spec.ts" time="3.772">
</testcase>
<testcase name="ONDO B current production visual evidence · desktop › PR-PX-OFFLINE-FALLBACK-KO · Complete sourced list when map delivery is unavailable" classname="tests/visual/ondo-b-production-visual-desktop.spec.ts" time="1.634">
</testcase>
<testcase name="ONDO B current production visual evidence · desktop › PR-PX-SAVED-EMPTY-EN · Device-local Saved empty state" classname="tests/visual/ondo-b-production-visual-desktop.spec.ts" time="1.027">
</testcase>
<testcase name="ONDO B current production visual evidence · desktop › PR-PX-SAVED-PLACE-KO · Korean device-local saved canonical place" classname="tests/visual/ondo-b-production-visual-desktop.spec.ts" time="1.074">
</testcase>
<testcase name="ONDO B current production visual evidence · desktop › PR-PX-PRIVATE-NOTE-EN · Optional private note with explicit device boundary" classname="tests/visual/ondo-b-production-visual-desktop.spec.ts" time="1.111">
</testcase>
<testcase name="ONDO B current production visual evidence · desktop › PR-PX-SETTINGS-EN · Actual language and device-data settings" classname="tests/visual/ondo-b-production-visual-desktop.spec.ts" time="1.109">
</testcase>
<testcase name="ONDO B current production visual evidence · desktop › PR-PX-RESET-CONFIRM-KO · Korean destructive reset confirmation" classname="tests/visual/ondo-b-production-visual-desktop.spec.ts" time="1.139">
</testcase>
</testsuite>
<testsuite name="tests/visual/ondo-b-production-visual-responsive.spec.ts" timestamp="2026-08-24T11:41:33.097Z" hostname="production-desktop-chromium" tests="80" failures="0" skipped="0" time="143.972" errors="0">
<testcase name="ONDO B current production visual evidence · responsive › 360x800 · PR-PX-FIRST-RUN-EN · English first-run directory value and language choice" classname="tests/visual/ondo-b-production-visual-responsive.spec.ts" time="1.007">
</testcase>
<testcase name="ONDO B current production visual evidence · responsive › 360x800 · PR-PX-FIRST-RUN-KO · Korean first-run directory value and language choice" classname="tests/visual/ondo-b-production-visual-responsive.spec.ts" time="0.991">
</testcase>
<testcase name="ONDO B current production visual evidence · responsive › 360x800 · PR-PX-NATION-EN · Official directory overview before a city is selected" classname="tests/visual/ondo-b-production-visual-responsive.spec.ts" time="1.006">
</testcase>
<testcase name="ONDO B current production visual evidence · responsive › 360x800 · PR-PX-CITY-MAP-EN · English city map with canonical place markers" classname="tests/visual/ondo-b-production-visual-responsive.spec.ts" time="3.493">
</testcase>
<testcase name="ONDO B current production visual evidence · responsive › 360x800 · PR-PX-CITY-MAP-KO · Korean city map with canonical place markers" classname="tests/visual/ondo-b-production-visual-responsive.spec.ts" time="3.656">
</testcase>
<testcase name="ONDO B current production visual evidence · responsive › 360x800 · PR-PX-CITY-LIST-EN · Sourced place list for the selected city" classname="tests/visual/ondo-b-production-visual-responsive.spec.ts" time="1.345">
</testcase>
<testcase name="ONDO B current production visual evidence · responsive › 360x800 · PR-PX-SEARCH-EN · Directory search with matching canonical records" classname="tests/visual/ondo-b-production-visual-responsive.spec.ts" time="1.252">
</testcase>
<testcase name="ONDO B current production visual evidence · responsive › 360x800 · PR-PX-SEARCH-EMPTY-KO · Korean no-results recovery without invented places" classname="tests/visual/ondo-b-production-visual-responsive.spec.ts" time="1.21">
</testcase>
<testcase name="ONDO B current production visual evidence · responsive › 360x800 · PR-PX-PLACE-PEEK-EN · Selected canonical place summary" classname="tests/visual/ondo-b-production-visual-responsive.spec.ts" time="1.214">
</testcase>
<testcase name="ONDO B current production visual evidence · responsive › 360x800 · PR-PX-PLACE-DETAIL-KO · Korean sourced place facts and action boundary" classname="tests/visual/ondo-b-production-visual-responsive.spec.ts" time="1.378">
</testcase>
<testcase name="ONDO B current production visual evidence · responsive › 360x800 · PR-PX-HISTORY-RETURN-EN · Exact directory context restored after Back" classname="tests/visual/ondo-b-production-visual-responsive.spec.ts" time="1.331">
</testcase>
<testcase name="ONDO B current production visual evidence · responsive › 360x800 · PR-PX-DIRECTIONS-EN · Directions handoff using canonical coordinates" classname="tests/visual/ondo-b-production-visual-responsive.spec.ts" time="1.283">
</testcase>
<testcase name="ONDO B current production visual evidence · responsive › 360x800 · PR-PX-LOCATION-READY-KO · Browser-granted location represented without tracking claims" classname="tests/visual/ondo-b-production-visual-responsive.spec.ts" time="4.184">
</testcase>
<testcase name="ONDO B current production visual evidence · responsive › 360x800 · PR-PX-LOCATION-DENIED-EN · Real permission denial with continued directory access" classname="tests/visual/ondo-b-production-visual-responsive.spec.ts" time="3.729">
</testcase>
<testcase name="ONDO B current production visual evidence · responsive › 360x800 · PR-PX-OFFLINE-FALLBACK-KO · Complete sourced list when map delivery is unavailable" classname="tests/visual/ondo-b-production-visual-responsive.spec.ts" time="1.441">
</testcase>
<testcase name="ONDO B current production visual evidence · responsive › 360x800 · PR-PX-SAVED-EMPTY-EN · Device-local Saved empty state" classname="tests/visual/ondo-b-production-visual-responsive.spec.ts" time="0.995">
</testcase>
<testcase name="ONDO B current production visual evidence · responsive › 360x800 · PR-PX-SAVED-PLACE-KO · Korean device-local saved canonical place" classname="tests/visual/ondo-b-production-visual-responsive.spec.ts" time="1.041">
</testcase>
<testcase name="ONDO B current production visual evidence · responsive › 360x800 · PR-PX-PRIVATE-NOTE-EN · Optional private note with explicit device boundary" classname="tests/visual/ondo-b-production-visual-responsive.spec.ts" time="1.057">
</testcase>
<testcase name="ONDO B current production visual evidence · responsive › 360x800 · PR-PX-SETTINGS-EN · Actual language and device-data settings" classname="tests/visual/ondo-b-production-visual-responsive.spec.ts" time="1.05">
</testcase>
<testcase name="ONDO B current production visual evidence · responsive › 360x800 · PR-PX-RESET-CONFIRM-KO · Korean destructive reset confirmation" classname="tests/visual/ondo-b-production-visual-responsive.spec.ts" time="1.838">
</testcase>
<testcase name="ONDO B current production visual evidence · responsive › 430x932 · PR-PX-FIRST-RUN-EN · English first-run directory value and language choice" classname="tests/visual/ondo-b-production-visual-responsive.spec.ts" time="1.052">
</testcase>
<testcase name="ONDO B current production visual evidence · responsive › 430x932 · PR-PX-FIRST-RUN-KO · Korean first-run directory value and language choice" classname="tests/visual/ondo-b-production-visual-responsive.spec.ts" time="0.977">
</testcase>
<testcase name="ONDO B current production visual evidence · responsive › 430x932 · PR-PX-NATION-EN · Official directory overview before a city is selected" classname="tests/visual/ondo-b-production-visual-responsive.spec.ts" time="1.004">
</testcase>
<testcase name="ONDO B current production visual evidence · responsive › 430x932 · PR-PX-CITY-MAP-EN · English city map with canonical place markers" classname="tests/visual/ondo-b-production-visual-responsive.spec.ts" time="3.657">
</testcase>
<testcase name="ONDO B current production visual evidence · responsive › 430x932 · PR-PX-CITY-MAP-KO · Korean city map with canonical place markers" classname="tests/visual/ondo-b-production-visual-responsive.spec.ts" time="3.509">
</testcase>
<testcase name="ONDO B current production visual evidence · responsive › 430x932 · PR-PX-CITY-LIST-EN · Sourced place list for the selected city" classname="tests/visual/ondo-b-production-visual-responsive.spec.ts" time="1.39">
</testcase>
<testcase name="ONDO B current production visual evidence · responsive › 430x932 · PR-PX-SEARCH-EN · Directory search with matching canonical records" classname="tests/visual/ondo-b-production-visual-responsive.spec.ts" time="1.215">
</testcase>
<testcase name="ONDO B current production visual evidence · responsive › 430x932 · PR-PX-SEARCH-EMPTY-KO · Korean no-results recovery without invented places" classname="tests/visual/ondo-b-production-visual-responsive.spec.ts" time="1.341">
</testcase>
<testcase name="ONDO B current production visual evidence · responsive › 430x932 · PR-PX-PLACE-PEEK-EN · Selected canonical place summary" classname="tests/visual/ondo-b-production-visual-responsive.spec.ts" time="1.298">
</testcase>
<testcase name="ONDO B current production visual evidence · responsive › 430x932 · PR-PX-PLACE-DETAIL-KO · Korean sourced place facts and action boundary" classname="tests/visual/ondo-b-production-visual-responsive.spec.ts" time="1.391">
</testcase>
<testcase name="ONDO B current production visual evidence · responsive › 430x932 · PR-PX-HISTORY-RETURN-EN · Exact directory context restored after Back" classname="tests/visual/ondo-b-production-visual-responsive.spec.ts" time="1.377">
</testcase>
<testcase name="ONDO B current production visual evidence · responsive › 430x932 · PR-PX-DIRECTIONS-EN · Directions handoff using canonical coordinates" classname="tests/visual/ondo-b-production-visual-responsive.spec.ts" time="1.445">
</testcase>
<testcase name="ONDO B current production visual evidence · responsive › 430x932 · PR-PX-LOCATION-READY-KO · Browser-granted location represented without tracking claims" classname="tests/visual/ondo-b-production-visual-responsive.spec.ts" time="4.932">
</testcase>
<testcase name="ONDO B current production visual evidence · responsive › 430x932 · PR-PX-LOCATION-DENIED-EN · Real permission denial with continued directory access" classname="tests/visual/ondo-b-production-visual-responsive.spec.ts" time="3.766">
</testcase>
<testcase name="ONDO B current production visual evidence · responsive › 430x932 · PR-PX-OFFLINE-FALLBACK-KO · Complete sourced list when map delivery is unavailable" classname="tests/visual/ondo-b-production-visual-responsive.spec.ts" time="1.54">
</testcase>
<testcase name="ONDO B current production visual evidence · responsive › 430x932 · PR-PX-SAVED-EMPTY-EN · Device-local Saved empty state" classname="tests/visual/ondo-b-production-visual-responsive.spec.ts" time="1.07">
</testcase>
<testcase name="ONDO B current production visual evidence · responsive › 430x932 · PR-PX-SAVED-PLACE-KO · Korean device-local saved canonical place" classname="tests/visual/ondo-b-production-visual-responsive.spec.ts" time="1.045">
</testcase>
<testcase name="ONDO B current production visual evidence · responsive › 430x932 · PR-PX-PRIVATE-NOTE-EN · Optional private note with explicit device boundary" classname="tests/visual/ondo-b-production-visual-responsive.spec.ts" time="1.05">
</testcase>
<testcase name="ONDO B current production visual evidence · responsive › 430x932 · PR-PX-SETTINGS-EN · Actual language and device-data settings" classname="tests/visual/ondo-b-production-visual-responsive.spec.ts" time="1.113">
</testcase>
<testcase name="ONDO B current production visual evidence · responsive › 430x932 · PR-PX-RESET-CONFIRM-KO · Korean destructive reset confirmation" classname="tests/visual/ondo-b-production-visual-responsive.spec.ts" time="1.147">
</testcase>
<testcase name="ONDO B current production visual evidence · responsive › 768x1024 · PR-PX-FIRST-RUN-EN · English first-run directory value and language choice" classname="tests/visual/ondo-b-production-visual-responsive.spec.ts" time="1.129">
</testcase>
<testcase name="ONDO B current production visual evidence · responsive › 768x1024 · PR-PX-FIRST-RUN-KO · Korean first-run directory value and language choice" classname="tests/visual/ondo-b-production-visual-responsive.spec.ts" time="1.078">
</testcase>
<testcase name="ONDO B current production visual evidence · responsive › 768x1024 · PR-PX-NATION-EN · Official directory overview before a city is selected" classname="tests/visual/ondo-b-production-visual-responsive.spec.ts" time="1.172">
</testcase>
<testcase name="ONDO B current production visual evidence · responsive › 768x1024 · PR-PX-CITY-MAP-EN · English city map with canonical place markers" classname="tests/visual/ondo-b-production-visual-responsive.spec.ts" time="3.86">
</testcase>
<testcase name="ONDO B current production visual evidence · responsive › 768x1024 · PR-PX-CITY-MAP-KO · Korean city map with canonical place markers" classname="tests/visual/ondo-b-production-visual-responsive.spec.ts" time="3.764">
</testcase>
<testcase name="ONDO B current production visual evidence · responsive › 768x1024 · PR-PX-CITY-LIST-EN · Sourced place list for the selected city" classname="tests/visual/ondo-b-production-visual-responsive.spec.ts" time="1.597">
</testcase>
<testcase name="ONDO B current production visual evidence · responsive › 768x1024 · PR-PX-SEARCH-EN · Directory search with matching canonical records" classname="tests/visual/ondo-b-production-visual-responsive.spec.ts" time="1.388">
</testcase>
<testcase name="ONDO B current production visual evidence · responsive › 768x1024 · PR-PX-SEARCH-EMPTY-KO · Korean no-results recovery without invented places" classname="tests/visual/ondo-b-production-visual-responsive.spec.ts" time="1.371">
</testcase>
<testcase name="ONDO B current production visual evidence · responsive › 768x1024 · PR-PX-PLACE-PEEK-EN · Selected canonical place summary" classname="tests/visual/ondo-b-production-visual-responsive.spec.ts" time="1.464">
</testcase>
<testcase name="ONDO B current production visual evidence · responsive › 768x1024 · PR-PX-PLACE-DETAIL-KO · Korean sourced place facts and action boundary" classname="tests/visual/ondo-b-production-visual-responsive.spec.ts" time="1.565">
</testcase>
<testcase name="ONDO B current production visual evidence · responsive › 768x1024 · PR-PX-HISTORY-RETURN-EN · Exact directory context restored after Back" classname="tests/visual/ondo-b-production-visual-responsive.spec.ts" time="1.359">
</testcase>
<testcase name="ONDO B current production visual evidence · responsive › 768x1024 · PR-PX-DIRECTIONS-EN · Directions handoff using canonical coordinates" classname="tests/visual/ondo-b-production-visual-responsive.spec.ts" time="1.198">
</testcase>
<testcase name="ONDO B current production visual evidence · responsive › 768x1024 · PR-PX-LOCATION-READY-KO · Browser-granted location represented without tracking claims" classname="tests/visual/ondo-b-production-visual-responsive.spec.ts" time="5.112">
</testcase>
<testcase name="ONDO B current production visual evidence · responsive › 768x1024 · PR-PX-LOCATION-DENIED-EN · Real permission denial with continued directory access" classname="tests/visual/ondo-b-production-visual-responsive.spec.ts" time="3.617">
</testcase>
<testcase name="ONDO B current production visual evidence · responsive › 768x1024 · PR-PX-OFFLINE-FALLBACK-KO · Complete sourced list when map delivery is unavailable" classname="tests/visual/ondo-b-production-visual-responsive.spec.ts" time="1.69">
</testcase>
<testcase name="ONDO B current production visual evidence · responsive › 768x1024 · PR-PX-SAVED-EMPTY-EN · Device-local Saved empty state" classname="tests/visual/ondo-b-production-visual-responsive.spec.ts" time="1.002">
</testcase>
<testcase name="ONDO B current production visual evidence · responsive › 768x1024 · PR-PX-SAVED-PLACE-KO · Korean device-local saved canonical place" classname="tests/visual/ondo-b-production-visual-responsive.spec.ts" time="1.106">
</testcase>
<testcase name="ONDO B current production visual evidence · responsive › 768x1024 · PR-PX-PRIVATE-NOTE-EN · Optional private note with explicit device boundary" classname="tests/visual/ondo-b-production-visual-responsive.spec.ts" time="1.098">
</testcase>
<testcase name="ONDO B current production visual evidence · responsive › 768x1024 · PR-PX-SETTINGS-EN · Actual language and device-data settings" classname="tests/visual/ondo-b-production-visual-responsive.spec.ts" time="1.083">
</testcase>
<testcase name="ONDO B current production visual evidence · responsive › 768x1024 · PR-PX-RESET-CONFIRM-KO · Korean destructive reset confirmation" classname="tests/visual/ondo-b-production-visual-responsive.spec.ts" time="1.13">
</testcase>
<testcase name="ONDO B current production visual evidence · responsive › 801x1000 · PR-PX-FIRST-RUN-EN · English first-run directory value and language choice" classname="tests/visual/ondo-b-production-visual-responsive.spec.ts" time="1.273">
</testcase>
<testcase name="ONDO B current production visual evidence · responsive › 801x1000 · PR-PX-FIRST-RUN-KO · Korean first-run directory value and language choice" classname="tests/visual/ondo-b-production-visual-responsive.spec.ts" time="1.109">
</testcase>
<testcase name="ONDO B current production visual evidence · responsive › 801x1000 · PR-PX-NATION-EN · Official directory overview before a city is selected" classname="tests/visual/ondo-b-production-visual-responsive.spec.ts" time="1.102">
</testcase>
<testcase name="ONDO B current production visual evidence · responsive › 801x1000 · PR-PX-CITY-MAP-EN · English city map with canonical place markers" classname="tests/visual/ondo-b-production-visual-responsive.spec.ts" time="3.547">
</testcase>
<testcase name="ONDO B current production visual evidence · responsive › 801x1000 · PR-PX-CITY-MAP-KO · Korean city map with canonical place markers" classname="tests/visual/ondo-b-production-visual-responsive.spec.ts" time="3.573">
</testcase>
<testcase name="ONDO B current production visual evidence · responsive › 801x1000 · PR-PX-CITY-LIST-EN · Sourced place list for the selected city" classname="tests/visual/ondo-b-production-visual-responsive.spec.ts" time="1.532">
</testcase>
<testcase name="ONDO B current production visual evidence · responsive › 801x1000 · PR-PX-SEARCH-EN · Directory search with matching canonical records" classname="tests/visual/ondo-b-production-visual-responsive.spec.ts" time="1.275">
</testcase>
<testcase name="ONDO B current production visual evidence · responsive › 801x1000 · PR-PX-SEARCH-EMPTY-KO · Korean no-results recovery without invented places" classname="tests/visual/ondo-b-production-visual-responsive.spec.ts" time="1.325">
</testcase>
<testcase name="ONDO B current production visual evidence · responsive › 801x1000 · PR-PX-PLACE-PEEK-EN · Selected canonical place summary" classname="tests/visual/ondo-b-production-visual-responsive.spec.ts" time="1.562">
</testcase>
<testcase name="ONDO B current production visual evidence · responsive › 801x1000 · PR-PX-PLACE-DETAIL-KO · Korean sourced place facts and action boundary" classname="tests/visual/ondo-b-production-visual-responsive.spec.ts" time="1.583">
</testcase>
<testcase name="ONDO B current production visual evidence · responsive › 801x1000 · PR-PX-HISTORY-RETURN-EN · Exact directory context restored after Back" classname="tests/visual/ondo-b-production-visual-responsive.spec.ts" time="2.028">
</testcase>
<testcase name="ONDO B current production visual evidence · responsive › 801x1000 · PR-PX-DIRECTIONS-EN · Directions handoff using canonical coordinates" classname="tests/visual/ondo-b-production-visual-responsive.spec.ts" time="1.345">
</testcase>
<testcase name="ONDO B current production visual evidence · responsive › 801x1000 · PR-PX-LOCATION-READY-KO · Browser-granted location represented without tracking claims" classname="tests/visual/ondo-b-production-visual-responsive.spec.ts" time="5.121">
</testcase>
<testcase name="ONDO B current production visual evidence · responsive › 801x1000 · PR-PX-LOCATION-DENIED-EN · Real permission denial with continued directory access" classname="tests/visual/ondo-b-production-visual-responsive.spec.ts" time="4.01">
</testcase>
<testcase name="ONDO B current production visual evidence · responsive › 801x1000 · PR-PX-OFFLINE-FALLBACK-KO · Complete sourced list when map delivery is unavailable" classname="tests/visual/ondo-b-production-visual-responsive.spec.ts" time="1.5">
</testcase>
<testcase name="ONDO B current production visual evidence · responsive › 801x1000 · PR-PX-SAVED-EMPTY-EN · Device-local Saved empty state" classname="tests/visual/ondo-b-production-visual-responsive.spec.ts" time="1.022">
</testcase>
<testcase name="ONDO B current production visual evidence · responsive › 801x1000 · PR-PX-SAVED-PLACE-KO · Korean device-local saved canonical place" classname="tests/visual/ondo-b-production-visual-responsive.spec.ts" time="1.028">
</testcase>
<testcase name="ONDO B current production visual evidence · responsive › 801x1000 · PR-PX-PRIVATE-NOTE-EN · Optional private note with explicit device boundary" classname="tests/visual/ondo-b-production-visual-responsive.spec.ts" time="1.08">
</testcase>
<testcase name="ONDO B current production visual evidence · responsive › 801x1000 · PR-PX-SETTINGS-EN · Actual language and device-data settings" classname="tests/visual/ondo-b-production-visual-responsive.spec.ts" time="1.286">
</testcase>
<testcase name="ONDO B current production visual evidence · responsive › 801x1000 · PR-PX-RESET-CONFIRM-KO · Korean destructive reset confirmation" classname="tests/visual/ondo-b-production-visual-responsive.spec.ts" time="1.068">
</testcase>
</testsuite>
<testsuite name="tests/visual/ondo-b-production-visual-structural.spec.ts" timestamp="2026-08-24T11:41:33.097Z" hostname="production-desktop-chromium" tests="4" failures="0" skipped="0" time="9.017" errors="0">
<testcase name="ONDO B current production visual evidence · structural › 430x720 · PR-PX-STRUCTURAL-COMPACT-EN · English compact map chrome and visible directory truth" classname="tests/visual/ondo-b-production-visual-structural.spec.ts" time="1.992">
</testcase>
<testcase name="ONDO B current production visual evidence · structural › 430x720 · PR-PX-STRUCTURAL-COMPACT-KO · Korean compact map chrome and visible directory truth" classname="tests/visual/ondo-b-production-visual-structural.spec.ts" time="1.938">
</testcase>
<testcase name="ONDO B current production visual evidence · structural › 667x320 · PR-PX-STRUCTURAL-ULTRA-EN · English ultra-short truthful automatic list presentation" classname="tests/visual/ondo-b-production-visual-structural.spec.ts" time="2.569">
</testcase>
<testcase name="ONDO B current production visual evidence · structural › 667x320 · PR-PX-STRUCTURAL-ULTRA-KO · Korean ultra-short truthful automatic list presentation" classname="tests/visual/ondo-b-production-visual-structural.spec.ts" time="2.518">
</testcase>
</testsuite>
</testsuites>